Log file open, 11/23/18 00:45:00
LogInit:Display: Running engine for game: Strateg_V2
LogInit:Display: Project file not found: ../../../Strateg_V2/Strateg_V2.uproject
LogInit:Display: 	Attempting to find via project info helper.
LogUProjectInfo: Found projects:
LogPlatformFile: Not using cached read wrapper
LogInit:Display: RandInit(342404423) SRandInit(342404423).
LogTaskGraph: Started task graph with 5 named threads and 8 total threads with 1 sets of task threads.
LogStats: Stats thread started at 1.278641
LogInit: Using libcurl 7.47.1
LogInit:  - built for i386-pc-win32
LogInit:  - supports SSL with OpenSSL/1.0.2g
LogInit:  - supports HTTP deflate (compression) using libz 1.2.8
LogInit:  - other features:
LogInit:      CURL_VERSION_SSL
LogInit:      CURL_VERSION_LIBZ
LogInit:      CURL_VERSION_IPV6
LogInit:      CURL_VERSION_ASYNCHDNS
LogInit:      CURL_VERSION_LARGEFILE
LogInit:      CURL_VERSION_IDN
LogInit:  CurlRequestOptions (configurable via config and command line):
LogInit:  - bVerifyPeer = false  - Libcurl will NOT verify peer certificate
LogInit:  - bUseHttpProxy = false  - Libcurl will NOT use HTTP proxy
LogInit:  - bDontReuseConnections = false  - Libcurl will reuse connections
LogInit:  - CertBundlePath = nullptr  - Libcurl will use whatever was configured at build time.
LogInit: Build: ++UE4+Release-4.15-CL-3450819
LogInit: Engine Version: 4.15.3-3450819+++UE4+Release-4.15
LogInit: Compatible Engine Version: 4.15.0-3299760+++UE4+Release-4.15
LogInit: Net CL: 3299760
LogDevObjectVersion: Number of dev versions registered: 14
LogDevObjectVersion:   Dev-Blueprints (B0D832E4-1F89-4F0D-ACCF-7EB736FD4AA2): 8
LogDevObjectVersion:   Dev-Build (E1C64328-A22C-4D53-A36C-8E866417BD8C): 0
LogDevObjectVersion:   Dev-Core (375EC13C-06E4-48FB-B500-84F0262A717E): 2
LogDevObjectVersion:   Dev-Editor (E4B068ED-F494-42E9-A231-DA0B2E46BB41): 14
LogDevObjectVersion:   Dev-Framework (CFFC743F-43B0-4480-9391-14DF171D2073): 22
LogDevObjectVersion:   Dev-Mobile (B02B49B5-BB20-44E9-A304-32B752E40360): 0
LogDevObjectVersion:   Dev-Networking (A4E4105C-59A1-49B5-A7C5-40C4547EDFEE): 0
LogDevObjectVersion:   Dev-Online (39C831C9-5AE6-47DC-9A44-9C173E1C8E7C): 0
LogDevObjectVersion:   Dev-Physics (78F01B33-EBEA-4F98-B9B4-84EACCB95AA2): 0
LogDevObjectVersion:   Dev-Platform (6631380F-2D4D-43E0-8009-CF276956A95A): 0
LogDevObjectVersion:   Dev-Rendering (12F88B9F-8875-4AFC-A67C-D90C383ABD29): 12
LogDevObjectVersion:   Dev-Sequencer (7B5AE74C-D270-4C10-A958-57980B212A5A): 3
LogDevObjectVersion:   Dev-VR (D7296918-1DD6-4BDD-9DE2-64A83CC13884): 0
LogDevObjectVersion:   Dev-LoadTimes (C2A15278-BFE7-4AFE-6C17-90FF531DF755): 1
LogInit: Compiled (32-bit): May 21 2017 11:14:23
LogInit: Compiled with Visual C++: 19.00.23026.00
LogInit: Build Configuration: Development
LogInit: Branch Name: ++UE4+Release-4.15
LogInit: Command line:  
LogInit: Base directory: E:/Mars/WindowsNoEditor/Engine/Binaries/Win32/
LogInit: Installed Engine Build: 0
LogInit: Presizing for max 2097152 objects, including 0 objects not considered by GC, pre-allocating 0 bytes for permanent pool.
LogStreaming:Display: Async Loading initialized: New Async IO: false, Event Driven Loader: false, Async Loading Thread: false
LogInit: Object subsystem initialized
[2018.11.22-20.45.01:115][  0]LogInit: Selected Device Profile: [WindowsNoEditor]
[2018.11.22-20.45.01:115][  0]LogInit: Applying CVar settings loaded from the selected device profile: [WindowsNoEditor]
[2018.11.22-20.45.01:178][  0]LogInit: Computer: АРТУР-ПК
[2018.11.22-20.45.01:178][  0]LogInit: User: Артур
[2018.11.22-20.45.01:178][  0]LogInit: CPU Page size=65536, Cores=4
[2018.11.22-20.45.01:178][  0]LogInit: High frequency timer resolution =3.027431 MHz
[2018.11.22-20.45.01:179][  0]LogMemory: Memory total: Physical=2.0GB (2GB approx) Virtual=4.0GB
[2018.11.22-20.45.01:179][  0]LogMemory: Platform Memory Stats for WindowsNoEditor
[2018.11.22-20.45.01:179][  0]LogMemory: Process Physical Memory: 65.91 MB used, 65.91 MB peak
[2018.11.22-20.45.01:179][  0]LogMemory: Process Virtual Memory: 85.07 MB used, 85.07 MB peak
[2018.11.22-20.45.01:179][  0]LogMemory: Physical Memory: 879.53 MB used,  1167.03 MB free, 2046.55 MB total
[2018.11.22-20.45.01:179][  0]LogMemory: Virtual Memory: 266.86 MB used,  1167.03 MB free, 4095.88 MB total
[2018.11.22-20.45.03:203][  0]LogTextLocalizationManager: No translations for ('ru-RU') exist, falling back to 'en' for localization and internationalization data.
[2018.11.22-20.45.03:710][  0]LogD3D11RHI: D3D11 adapters:
[2018.11.22-20.45.04:972][  0]LogD3D11RHI:    0. 'NVIDIA GeForce GTS 250' (Feature Level 10_0)
[2018.11.22-20.45.04:972][  0]LogD3D11RHI:       499/0/767 MB DedicatedVideo/DedicatedSystem/SharedSystem, Outputs:1, VendorId:0x10de
[2018.11.22-20.45.04:972][  0]LogD3D11RHI: Chosen D3D11 Adapter: 0
[2018.11.22-20.45.04:985][  0]LogD3D11RHI: Creating new Direct3DDevice
[2018.11.22-20.45.04:985][  0]LogD3D11RHI:     GPU DeviceId: 0x615 (for the marketing name, search the web for "GPU Device Id")
[2018.11.22-20.45.04:985][  0]LogWindows: EnumDisplayDevices:
[2018.11.22-20.45.05:033][  0]LogWindows:    0. 'NVIDIA GeForce GTS 250' (P:1 D:1)
[2018.11.22-20.45.05:034][  0]LogWindows:    1. 'NVIDIA GeForce GTS 250' (P:0 D:0)
[2018.11.22-20.45.05:034][  0]LogWindows:    2. 'RDPDD Chained DD' (P:0 D:0)
[2018.11.22-20.45.05:034][  0]LogWindows:    3. 'RDP Encoder Mirror Driver' (P:0 D:0)
[2018.11.22-20.45.05:034][  0]LogWindows:    4. 'RDP Reflector Display Driver' (P:0 D:0)
[2018.11.22-20.45.05:035][  0]LogWindows: DebugString: GetVideoDriverDetailsInvalid PrimaryIsNotTheChoosenAdapter GetVideoDriverDetailsInvalid PrimaryIsNotTheChoosenAdapter GetVideoDriverDetailsInvalid PrimaryIsNotTheChoosenAdapter FoundDriverCount:2 
[2018.11.22-20.45.05:035][  0]LogD3D11RHI:     Adapter Name: NVIDIA GeForce GTS 250
[2018.11.22-20.45.05:035][  0]LogD3D11RHI:   Driver Version: 342.01 (internal:21.21.13.4201, unified:342.01)
[2018.11.22-20.45.05:035][  0]LogD3D11RHI:      Driver Date: 11-14-2016
[2018.11.22-20.45.05:035][  0]LogRHI: Texture pool is 349 MB (70% of 499 MB)
[2018.11.22-20.45.05:155][  0]LogD3D11RHI:Warning: Timestamp queries are currently disabled on this hardware due to instability. Realtime GPU stats will not be available. You can override this behaviour by setting r.NVIDIATimestampWorkaround to 0
[2018.11.22-20.45.05:183][  0]LogD3D11RHI: NvAPI_D3D_GetCurrentSLIState failed: 0xfffffff7
[2018.11.22-20.45.05:183][  0]LogD3D11RHI: Async texture creation enabled
[2018.11.22-20.45.05:204][  0]LogD3D11RHI: GPU Timing Frequency: 1000.000000 (Debug: 2 3)
[2018.11.22-20.45.09:665][  0]LogSlate: Using Freetype 2.6.0
[2018.11.22-20.45.09:694][  0]LogSlate: SlateFontCache - WITH_FREETYPE: 1, WITH_HARFBUZZ: 1
[2018.11.22-20.45.09:694][  0]LogSlate: SlateFontCache - WITH_FREETYPE: 1, WITH_HARFBUZZ: 1
[2018.11.22-20.45.09:966][  0]LogAssetRegistry: FAssetRegistry took 0.0095 seconds to start up
[2018.11.22-20.45.09:971][  0]LogPackageLocalizationCache: Processed 3 localized package path(s) for 1 prioritized culture(s) in 0.005272 seconds
[2018.11.22-20.45.10:038][  0]LogContentStreaming: Texture pool size is 1000.00 MB
[2018.11.22-20.45.10:038][  0]LogInit: Selected Device Profile: [WindowsNoEditor]
[2018.11.22-20.45.10:149][  0]LogBlueprintUserMessages:Warning: DEBUG: LocalNotification DefaultPlatformService NOT FOUND
[2018.11.22-20.45.10:171][  0]LogNetVersion: GetLocalNetworkVersion: CL: 3299760, ProjectName: strateg_v2, ProjectVersion: , EngineNetworkVersion: 2, GameNetworkVersion: 0, NetworkChecksum: 2669100184
[2018.11.22-20.45.10:280][  0]LogInit: WinSock: version 1.1 (2.2), MaxSocks=32767, MaxUdp=65467
[2018.11.22-20.45.10:400][  0]LogMoviePlayer: Initializing movie player
[2018.11.22-20.45.10:420][  0]LogWindowsTextInputMethodSystem:Display: IME system now deactivated.
[2018.11.22-20.45.10:811][  0]LogUObjectArray: 28304 objects as part of root set at end of initial load.
[2018.11.22-20.45.10:811][  0]LogUObjectAllocator: 4055720 out of 0 bytes used by permanent object pool.
[2018.11.22-20.45.10:811][  0]LogUObjectArray: CloseDisregardForGC: 0/0 objects in disregard for GC pool
[2018.11.22-20.45.10:822][  0]LogEngine: Initializing Engine...
[2018.11.22-20.45.10:825][  0]LogHMD: Failed to initialize OpenVR with code 110
[2018.11.22-20.45.10:888][  0]LogStats: UGameplayTagsManager::ConstructGameplayTagTree: Construct from data asset -  0.000 s
[2018.11.22-20.45.10:888][  0]LogStats: UGameplayTagsManager::ConstructGameplayTagTree: GameplayTagTreeChangedEvent.Broadcast -  0.000 s
[2018.11.22-20.45.11:160][  0]LogInit: XAudio2 using 'Динамики (Realtek High Definition Audio)' : 2 channels at 48 kHz using 32 bits per sample (channel mask 0x3)
[2018.11.22-20.45.11:409][  0]LogInit: FAudioDevice initialized.
[2018.11.22-20.45.11:419][  0]LogInit: Texture streaming: Enabled
[2018.11.22-20.45.11:434][  0]LogInit:Display: Game Engine Initialized.
[2018.11.22-20.45.11:434][  0]LogInit:Display: Starting Game.
[2018.11.22-20.45.11:434][  0]LogNet: Browse: /Game/Map?Name=Player
[2018.11.22-20.45.11:434][  0]LogLoad: LoadMap: /Game/Map?Name=Player
[2018.11.22-20.45.11:469][  0]LogMemory: Platform Memory Stats for WindowsNoEditor
[2018.11.22-20.45.11:469][  0]LogMemory: Process Physical Memory: 145.33 MB used, 158.61 MB peak
[2018.11.22-20.45.11:469][  0]LogMemory: Process Virtual Memory: 163.73 MB used, 177.50 MB peak
[2018.11.22-20.45.11:469][  0]LogMemory: Physical Memory: 967.02 MB used,  1079.54 MB free, 2046.55 MB total
[2018.11.22-20.45.11:469][  0]LogMemory: Virtual Memory: 440.34 MB used,  1079.54 MB free, 4095.88 MB total
[2018.11.22-20.45.11:469][  0]LogMemory: 
[2018.11.22-20.45.11:469][  0]Allocator Stats for binned2: (not implemented)
[2018.11.22-20.45.11:686][  0]LogAIModule: Creating AISystem for world Map
[2018.11.22-20.45.11:690][  0]LogLoad: Game class is 'NewBlueprint_C'
[2018.11.22-20.45.11:702][  0]LogWorld: Bringing World /Game/Map.Map up for play (max tick rate 0) at 2018.11.23-00.45.11
[2018.11.22-20.45.11:731][  0]LogWorld: Bringing up level for play took: 0.039087
[2018.11.22-20.45.11:738][  0]LogLoad: Took 0.303756 seconds to LoadMap(/Game/Map)
[2018.11.22-20.45.11:745][  0]LogSlate: Took 0.005624 seconds to synchronously load lazily loaded font '../../../Engine/Content/EngineFonts/Faces/RobotoBold.ufont' (160K)
[2018.11.22-20.45.11:844][  0]LogSlate: Took 0.001492 seconds to synchronously load lazily loaded font '../../../Engine/Content/EngineFonts/Faces/RobotoItalic.ufont' (157K)
[2018.11.22-20.45.11:879][  0]LogSlate: Took 0.001782 seconds to synchronously load lazily loaded font '../../../Engine/Content/EngineFonts/Faces/RobotoRegular.ufont' (155K)
[2018.11.22-20.45.11:913][  0]LogLoad: (Engine Initialization) Total time: 13.23 seconds
[2018.11.22-20.45.11:913][  0]LogExternalProfiler: No external profilers were discovered.  External profiling features will not be available.
[2018.11.22-20.45.11:930][  0]LogOcInput: OculusInput pre-init called
[2018.11.22-20.45.11:987][  2]LogRenderer: Reallocating scene render targets to support 1068x856 NumSamples 1 (Frame:2).
[2018.11.22-20.45.15:474][164]LogRenderer: Reallocating scene render targets to support 1280x964 NumSamples 1 (Frame:168).
[2018.11.22-20.45.46:665][172]LogSlate: Request Window 'Strateg_V2 (32-bit, PCD3D_SM4)' being destroyed
[2018.11.22-20.45.46:686][172]LogSlate: Window 'Strateg_V2 (32-bit, PCD3D_SM4)' being destroyed
[2018.11.22-20.45.46:688][172]LogSlate: HittestGrid destroyed
[2018.11.22-20.45.46:689][172]LogEngine: All Windows Closed
[2018.11.22-20.45.46:689][172]LogWindows: FPlatformMisc::RequestExit(0)
[2018.11.22-20.45.46:689][173]LogMoviePlayer: Shutting down movie player
[2018.11.22-20.45.46:934][173]LogExit: Preparing to exit.
[2018.11.22-20.45.47:000][173]LogExit: Game engine shut down
[2018.11.22-20.45.47:045][173]LogObj: Freed 16b from 1 cluster array pools.
[2018.11.22-20.45.47:045][173]LogExit: Object subsystem successfully closed.
[2018.11.22-20.45.47:055][173]LogD3D11RHI: Shutdown
[2018.11.22-20.45.47:055][173]LogD3D11RHI: CleanupD3DDevice
[2018.11.22-20.45.47:110][173]LogD3D11RHI: ~FD3D11DynamicRHI
[2018.11.22-20.45.47:111][173]LogModuleManager: Shutting down and abandoning module AutomationController (142)
[2018.11.22-20.45.47:111][173]LogModuleManager: Shutting down and abandoning module AutomationWorker (140)
[2018.11.22-20.45.47:111][173]LogModuleManager: Shutting down and abandoning module AIModule (138)
[2018.11.22-20.45.47:111][173]LogModuleManager: Shutting down and abandoning module GameplayDebugger (137)
[2018.11.22-20.45.47:111][173]LogModuleManager: Shutting down and abandoning module WmfMediaFactory (134)
[2018.11.22-20.45.47:111][173]LogModuleManager: Shutting down and abandoning module MfMediaFactory (132)
[2018.11.22-20.45.47:111][173]LogModuleManager: Shutting down and abandoning module AvfMediaFactory (130)
[2018.11.22-20.45.47:111][173]LogModuleManager: Shutting down and abandoning module AndroidMediaFactory (128)
[2018.11.22-20.45.47:111][173]LogModuleManager: Shutting down and abandoning module Media (127)
[2018.11.22-20.45.47:111][173]LogModuleManager: Shutting down and abandoning module CharacterAI (124)
[2018.11.22-20.45.47:111][173]LogModuleManager: Shutting down and abandoning module SessionServices (122)
[2018.11.22-20.45.47:111][173]LogModuleManager: Shutting down and abandoning module GeometryCache (120)
[2018.11.22-20.45.47:111][173]LogModuleManager: Shutting down and abandoning module Niagara (118)
[2018.11.22-20.45.47:111][173]LogModuleManager: Shutting down and abandoning module StreamingPauseRendering (116)
[2018.11.22-20.45.47:111][173]LogModuleManager: Shutting down and abandoning module AnalyticsET (114)
[2018.11.22-20.45.47:111][173]LogModuleManager: Shutting down and abandoning module ProfilerService (112)
[2018.11.22-20.45.47:329][173]LogModuleManager: Shutting down and abandoning module TaskGraph (110)
[2018.11.22-20.45.47:329][173]LogModuleManager: Shutting down and abandoning module SteamVRController (108)
[2018.11.22-20.45.47:330][173]LogModuleManager: Shutting down and abandoning module SteamVR (106)
[2018.11.22-20.45.47:330][173]LogModuleManager: Shutting down and abandoning module ProceduralMeshComponent (104)
[2018.11.22-20.45.47:330][173]LogModuleManager: Shutting down and abandoning module OculusLibrary (102)
[2018.11.22-20.45.47:330][173]LogModuleManager: Shutting down and abandoning module OculusInput (100)
[2018.11.22-20.45.47:330][173]LogModuleManager: Shutting down and abandoning module MobilePatchingUtils (98)
[2018.11.22-20.45.47:330][173]LogModuleManager: Shutting down and abandoning module CustomMeshComponent (96)
[2018.11.22-20.45.47:330][173]LogModuleManager: Shutting down and abandoning module CableComponent (94)
[2018.11.22-20.45.47:330][173]LogModuleManager: Shutting down and abandoning module ArchVisCharacter (92)
[2018.11.22-20.45.47:330][173]LogModuleManager: Shutting down and abandoning module HTML5Networking (88)
[2018.11.22-20.45.47:330][173]LogModuleManager: Shutting down and abandoning module PhysXVehicles (86)
[2018.11.22-20.45.47:330][173]LogModuleManager: Shutting down and abandoning module LocationServicesBPLibrary (84)
[2018.11.22-20.45.47:330][173]LogModuleManager: Shutting down and abandoning module UdpMessaging (82)
[2018.11.22-20.45.47:330][173]LogModuleManager: Shutting down and abandoning module FacialAnimation (80)
[2018.11.22-20.45.47:330][173]LogModuleManager: Shutting down and abandoning module LightPropagationVolumeRuntime (78)
[2018.11.22-20.45.47:330][173]LogModuleManager: Shutting down and abandoning module Paper2D (76)
[2018.11.22-20.45.47:330][173]LogModuleManager: Shutting down and abandoning module WindowsMoviePlayer (74)
[2018.11.22-20.45.47:330][173]LogModuleManager: Shutting down and abandoning module WmfMedia (72)
[2018.11.22-20.45.47:362][173]LogModuleManager: Shutting down and abandoning module MfMedia (70)
[2018.11.22-20.45.47:362][173]LogModuleManager: Shutting down and abandoning module MediaAssets (68)
[2018.11.22-20.45.47:362][173]LogModuleManager: Shutting down and abandoning module GameLiveStreaming (66)
[2018.11.22-20.45.47:362][173]LogModuleManager: Shutting down and abandoning module UMG (64)
[2018.11.22-20.45.47:362][173]LogModuleManager: Shutting down and abandoning module SlateReflector (62)
[2018.11.22-20.45.47:362][173]LogModuleManager: Shutting down and abandoning module Slate (60)
[2018.11.22-20.45.47:362][173]LogModuleManager: Shutting down and abandoning module Messaging (58)
[2018.11.22-20.45.47:362][173]LogModuleManager: Shutting down and abandoning module HeadMountedDisplay (56)
[2018.11.22-20.45.47:362][173]LogModuleManager: Shutting down and abandoning module XAudio2 (54)
[2018.11.22-20.45.47:362][173]LogModuleManager: Shutting down and abandoning module Networking (52)
[2018.11.22-20.45.47:362][173]LogModuleManager: Shutting down and abandoning module Core (48)
[2018.11.22-20.45.47:362][173]LogModuleManager: Shutting down and abandoning module AssetRegistry (46)
[2018.11.22-20.45.47:363][173]LogModuleManager: Shutting down and abandoning module ImageWrapper (44)
[2018.11.22-20.45.47:363][173]LogModuleManager: Shutting down and abandoning module InputCore (42)
[2018.11.22-20.45.47:363][173]LogModuleManager: Shutting down and abandoning module OculusRift (40)
[2018.11.22-20.45.47:363][173]LogModuleManager: Shutting down and abandoning module GearVR (38)
[2018.11.22-20.45.47:363][173]LogModuleManager: Shutting down and abandoning module ExampleDeviceProfileSelector (36)
[2018.11.22-20.45.47:363][173]LogModuleManager: Shutting down and abandoning module OnlineSubsystem (32)
[2018.11.22-20.45.47:363][173]LogOnline:Display: Unloading online subsystem: NULL
[2018.11.22-20.45.47:363][173]LogModuleManager: Shutting down and abandoning module HTTP (31)
[2018.11.22-20.45.47:363][173]LogHttp:Display: Http module shutting down, but needs to wait on 1 outstanding Http requests:
[2018.11.22-20.45.47:363][173]LogHttp:Display: 	verb=[POST] url=[https://datarouter.ol.epicgames.com/datarouter/api/v1/public/data?SessionID=%7BF12E7A11-400B-4D20-1579-E5BE6803984D%7D&AppID=UEGame.Rocket.Release%7C997F4A534B9CDC9FF0A9D2800EC68809%7CUE4Game&AppVersion=4.15.3-3450819%2B%2B%2BUE4%2BRelease-4.15&UserID=ANON-%7BC046CDDB-43D5-4D0E-8374-00A1541EE438%7D%7C%7C&AppEnvironment=datacollector-binary&UploadType=eteventstream] status=Processing
[2018.11.22-20.45.47:363][173]LogHttp:Display: Sleeping 0.5s to wait for 1 outstanding Http requests.
[2018.11.22-20.45.47:863][173]LogHttp:Display: Sleeping 0.5s to wait for 1 outstanding Http requests.
[2018.11.22-20.45.48:363][173]LogHttp:Display: Sleeping 0.5s to wait for 1 outstanding Http requests.
[2018.11.22-20.45.48:863][173]LogHttp:Display: Sleeping 0.5s to wait for 1 outstanding Http requests.
[2018.11.22-20.45.49:390][173]LogModuleManager: Shutting down and abandoning module SSL (30)
[2018.11.22-20.45.49:390][173]LogModuleManager: Shutting down and abandoning module ShaderCore (26)
[2018.11.22-20.45.49:390][173]LogModuleManager: Shutting down and abandoning module Landscape (24)
[2018.11.22-20.45.49:390][173]LogModuleManager: Shutting down and abandoning module SlateRHIRenderer (22)
[2018.11.22-20.45.49:391][173]LogModuleManager: Shutting down and abandoning module OpenGLDrv (20)
[2018.11.22-20.45.49:391][173]LogModuleManager: Shutting down and abandoning module D3D11RHI (18)
[2018.11.22-20.45.49:391][173]LogModuleManager: Shutting down and abandoning module AnimGraphRuntime (16)
[2018.11.22-20.45.49:391][173]LogModuleManager: Shutting down and abandoning module Renderer (14)
[2018.11.22-20.45.49:391][173]LogModuleManager: Shutting down and abandoning module Engine (12)
[2018.11.22-20.45.49:391][173]LogModuleManager: Shutting down and abandoning module CoreUObject (10)
[2018.11.22-20.45.49:391][173]LogModuleManager: Shutting down and abandoning module NetworkFile (8)
[2018.11.22-20.45.49:391][173]LogModuleManager: Shutting down and abandoning module StreamingFile (6)
[2018.11.22-20.45.49:391][173]LogModuleManager: Shutting down and abandoning module SandboxFile (4)
[2018.11.22-20.45.49:391][173]LogModuleManager: Shutting down and abandoning module PakFile (2)
[2018.11.22-20.45.49:392][173]LogExit: Exiting.
[2018.11.22-20.45.49:394][173]Log file closed, 11/23/18 00:45:49
