Log file open, 11/21/18 07:48:09
LogInit:Display: Running engine for game: Strateg_V2
LogInit:Display: Project file not found: ../../../Strateg_V2/Strateg_V2.uproject
LogInit:Display: 	Attempting to find via project info helper.
LogUProjectInfo: Found projects:
LogPlatformFile: Not using cached read wrapper
LogInit:Display: RandInit(1067106304) SRandInit(1067106304).
LogTaskGraph: Started task graph with 5 named threads and 8 total threads with 1 sets of task threads.
LogStats: Stats thread started at 1.671254
LogInit: Using libcurl 7.47.1
LogInit:  - built for i386-pc-win32
LogInit:  - supports SSL with OpenSSL/1.0.2g
LogInit:  - supports HTTP deflate (compression) using libz 1.2.8
LogInit:  - other features:
LogInit:      CURL_VERSION_SSL
LogInit:      CURL_VERSION_LIBZ
LogInit:      CURL_VERSION_IPV6
LogInit:      CURL_VERSION_ASYNCHDNS
LogInit:      CURL_VERSION_LARGEFILE
LogInit:      CURL_VERSION_IDN
LogInit:  CurlRequestOptions (configurable via config and command line):
LogInit:  - bVerifyPeer = false  - Libcurl will NOT verify peer certificate
LogInit:  - bUseHttpProxy = false  - Libcurl will NOT use HTTP proxy
LogInit:  - bDontReuseConnections = false  - Libcurl will reuse connections
LogInit:  - CertBundlePath = nullptr  - Libcurl will use whatever was configured at build time.
LogInit: Build: ++UE4+Release-4.15-CL-3450819
LogInit: Engine Version: 4.15.3-3450819+++UE4+Release-4.15
LogInit: Compatible Engine Version: 4.15.0-3299760+++UE4+Release-4.15
LogInit: Net CL: 3299760
LogDevObjectVersion: Number of dev versions registered: 14
LogDevObjectVersion:   Dev-Blueprints (B0D832E4-1F89-4F0D-ACCF-7EB736FD4AA2): 8
LogDevObjectVersion:   Dev-Build (E1C64328-A22C-4D53-A36C-8E866417BD8C): 0
LogDevObjectVersion:   Dev-Core (375EC13C-06E4-48FB-B500-84F0262A717E): 2
LogDevObjectVersion:   Dev-Editor (E4B068ED-F494-42E9-A231-DA0B2E46BB41): 14
LogDevObjectVersion:   Dev-Framework (CFFC743F-43B0-4480-9391-14DF171D2073): 22
LogDevObjectVersion:   Dev-Mobile (B02B49B5-BB20-44E9-A304-32B752E40360): 0
LogDevObjectVersion:   Dev-Networking (A4E4105C-59A1-49B5-A7C5-40C4547EDFEE): 0
LogDevObjectVersion:   Dev-Online (39C831C9-5AE6-47DC-9A44-9C173E1C8E7C): 0
LogDevObjectVersion:   Dev-Physics (78F01B33-EBEA-4F98-B9B4-84EACCB95AA2): 0
LogDevObjectVersion:   Dev-Platform (6631380F-2D4D-43E0-8009-CF276956A95A): 0
LogDevObjectVersion:   Dev-Rendering (12F88B9F-8875-4AFC-A67C-D90C383ABD29): 12
LogDevObjectVersion:   Dev-Sequencer (7B5AE74C-D270-4C10-A958-57980B212A5A): 3
LogDevObjectVersion:   Dev-VR (D7296918-1DD6-4BDD-9DE2-64A83CC13884): 0
LogDevObjectVersion:   Dev-LoadTimes (C2A15278-BFE7-4AFE-6C17-90FF531DF755): 1
LogInit: Compiled (32-bit): May 21 2017 11:14:23
LogInit: Compiled with Visual C++: 19.00.23026.00
LogInit: Build Configuration: Development
LogInit: Branch Name: ++UE4+Release-4.15
LogInit: Command line:  
LogInit: Base directory: E:/Mars/WindowsNoEditor/Engine/Binaries/Win32/
LogInit: Installed Engine Build: 0
LogInit: Presizing for max 2097152 objects, including 0 objects not considered by GC, pre-allocating 0 bytes for permanent pool.
LogStreaming:Display: Async Loading initialized: New Async IO: false, Event Driven Loader: false, Async Loading Thread: false
LogInit: Object subsystem initialized
[2018.11.21-03.48.10:609][  0]LogInit: Selected Device Profile: [WindowsNoEditor]
[2018.11.21-03.48.10:609][  0]LogInit: Applying CVar settings loaded from the selected device profile: [WindowsNoEditor]
[2018.11.21-03.48.10:767][  0]LogInit: Computer: АРТУР-ПК
[2018.11.21-03.48.10:767][  0]LogInit: User: Артур
[2018.11.21-03.48.10:767][  0]LogInit: CPU Page size=65536, Cores=4
[2018.11.21-03.48.10:767][  0]LogInit: High frequency timer resolution =3.027431 MHz
[2018.11.21-03.48.10:767][  0]LogMemory: Memory total: Physical=2.0GB (2GB approx) Virtual=4.0GB
[2018.11.21-03.48.10:768][  0]LogMemory: Platform Memory Stats for WindowsNoEditor
[2018.11.21-03.48.10:768][  0]LogMemory: Process Physical Memory: 65.64 MB used, 65.64 MB peak
[2018.11.21-03.48.10:768][  0]LogMemory: Process Virtual Memory: 84.94 MB used, 84.94 MB peak
[2018.11.21-03.48.10:768][  0]LogMemory: Physical Memory: 1503.04 MB used,  543.52 MB free, 2046.55 MB total
[2018.11.21-03.48.10:768][  0]LogMemory: Virtual Memory: 266.80 MB used,  543.52 MB free, 4095.88 MB total
[2018.11.21-03.48.19:966][  0]LogTextLocalizationManager: No translations for ('ru-RU') exist, falling back to 'en' for localization and internationalization data.
[2018.11.21-03.48.21:956][  0]LogD3D11RHI: D3D11 adapters:
[2018.11.21-03.48.31:294][  0]LogD3D11RHI:    0. 'NVIDIA GeForce GTS 250' (Feature Level 10_0)
[2018.11.21-03.48.31:295][  0]LogD3D11RHI:       499/0/767 MB DedicatedVideo/DedicatedSystem/SharedSystem, Outputs:1, VendorId:0x10de
[2018.11.21-03.48.31:295][  0]LogD3D11RHI: Chosen D3D11 Adapter: 0
[2018.11.21-03.48.31:331][  0]LogD3D11RHI: Creating new Direct3DDevice
[2018.11.21-03.48.31:331][  0]LogD3D11RHI:     GPU DeviceId: 0x615 (for the marketing name, search the web for "GPU Device Id")
[2018.11.21-03.48.31:331][  0]LogWindows: EnumDisplayDevices:
[2018.11.21-03.48.31:420][  0]LogWindows:    0. 'NVIDIA GeForce GTS 250' (P:1 D:1)
[2018.11.21-03.48.31:420][  0]LogWindows:    1. 'NVIDIA GeForce GTS 250' (P:0 D:0)
[2018.11.21-03.48.31:421][  0]LogWindows:    2. 'RDPDD Chained DD' (P:0 D:0)
[2018.11.21-03.48.31:421][  0]LogWindows:    3. 'RDP Encoder Mirror Driver' (P:0 D:0)
[2018.11.21-03.48.31:421][  0]LogWindows:    4. 'RDP Reflector Display Driver' (P:0 D:0)
[2018.11.21-03.48.31:422][  0]LogWindows: DebugString: GetVideoDriverDetailsInvalid PrimaryIsNotTheChoosenAdapter GetVideoDriverDetailsInvalid PrimaryIsNotTheChoosenAdapter GetVideoDriverDetailsInvalid PrimaryIsNotTheChoosenAdapter FoundDriverCount:2 
[2018.11.21-03.48.31:422][  0]LogD3D11RHI:     Adapter Name: NVIDIA GeForce GTS 250
[2018.11.21-03.48.31:422][  0]LogD3D11RHI:   Driver Version: 342.01 (internal:21.21.13.4201, unified:342.01)
[2018.11.21-03.48.31:422][  0]LogD3D11RHI:      Driver Date: 11-14-2016
[2018.11.21-03.48.31:422][  0]LogRHI: Texture pool is 349 MB (70% of 499 MB)
[2018.11.21-03.48.31:487][  0]LogD3D11RHI:Warning: Timestamp queries are currently disabled on this hardware due to instability. Realtime GPU stats will not be available. You can override this behaviour by setting r.NVIDIATimestampWorkaround to 0
[2018.11.21-03.48.31:516][  0]LogD3D11RHI: NvAPI_D3D_GetCurrentSLIState failed: 0xfffffff7
[2018.11.21-03.48.31:516][  0]LogD3D11RHI: Async texture creation enabled
[2018.11.21-03.48.31:538][  0]LogD3D11RHI: GPU Timing Frequency: 1000.000000 (Debug: 2 3)
[2018.11.21-03.48.35:432][  0]LogSlate: Using Freetype 2.6.0
[2018.11.21-03.48.35:433][  0]LogSlate: SlateFontCache - WITH_FREETYPE: 1, WITH_HARFBUZZ: 1
[2018.11.21-03.48.35:433][  0]LogSlate: SlateFontCache - WITH_FREETYPE: 1, WITH_HARFBUZZ: 1
[2018.11.21-03.48.35:698][  0]LogAssetRegistry: FAssetRegistry took 0.0052 seconds to start up
[2018.11.21-03.48.35:703][  0]LogPackageLocalizationCache: Processed 3 localized package path(s) for 1 prioritized culture(s) in 0.005384 seconds
[2018.11.21-03.48.35:728][  0]LogContentStreaming: Texture pool size is 1000.00 MB
[2018.11.21-03.48.35:728][  0]LogInit: Selected Device Profile: [WindowsNoEditor]
[2018.11.21-03.48.35:780][  0]LogBlueprintUserMessages:Warning: DEBUG: LocalNotification DefaultPlatformService NOT FOUND
[2018.11.21-03.48.35:800][  0]LogNetVersion: GetLocalNetworkVersion: CL: 3299760, ProjectName: strateg_v2, ProjectVersion: , EngineNetworkVersion: 2, GameNetworkVersion: 0, NetworkChecksum: 2669100184
[2018.11.21-03.48.35:927][  0]LogInit: WinSock: version 1.1 (2.2), MaxSocks=32767, MaxUdp=65467
[2018.11.21-03.48.37:063][  0]LogMoviePlayer: Initializing movie player
[2018.11.21-03.48.37:143][  0]LogWindowsTextInputMethodSystem:Display: IME system now deactivated.
[2018.11.21-03.48.38:280][  0]LogUObjectArray: 28304 objects as part of root set at end of initial load.
[2018.11.21-03.48.38:280][  0]LogUObjectAllocator: 4055720 out of 0 bytes used by permanent object pool.
[2018.11.21-03.48.38:280][  0]LogUObjectArray: CloseDisregardForGC: 0/0 objects in disregard for GC pool
[2018.11.21-03.48.38:291][  0]LogEngine: Initializing Engine...
[2018.11.21-03.48.38:320][  0]LogHMD: Failed to initialize OpenVR with code 110
[2018.11.21-03.48.38:349][  0]LogStats: UGameplayTagsManager::ConstructGameplayTagTree: Construct from data asset -  0.000 s
[2018.11.21-03.48.38:349][  0]LogStats: UGameplayTagsManager::ConstructGameplayTagTree: GameplayTagTreeChangedEvent.Broadcast -  0.000 s
[2018.11.21-03.48.43:063][  0]LogInit: XAudio2 using 'Динамики (Realtek High Definition Audio)' : 2 channels at 48 kHz using 32 bits per sample (channel mask 0x3)
[2018.11.21-03.48.45:349][  0]LogInit: FAudioDevice initialized.
[2018.11.21-03.48.45:360][  0]LogInit: Texture streaming: Enabled
[2018.11.21-03.48.45:376][  0]LogInit:Display: Game Engine Initialized.
[2018.11.21-03.48.45:376][  0]LogInit:Display: Starting Game.
[2018.11.21-03.48.45:376][  0]LogNet: Browse: /Game/Map?Name=Player
[2018.11.21-03.48.45:376][  0]LogLoad: LoadMap: /Game/Map?Name=Player
[2018.11.21-03.48.45:400][  0]LogMemory: Platform Memory Stats for WindowsNoEditor
[2018.11.21-03.48.45:400][  0]LogMemory: Process Physical Memory: 139.60 MB used, 152.75 MB peak
[2018.11.21-03.48.45:400][  0]LogMemory: Process Virtual Memory: 157.87 MB used, 171.57 MB peak
[2018.11.21-03.48.45:400][  0]LogMemory: Physical Memory: 1610.35 MB used,  436.21 MB free, 2046.55 MB total
[2018.11.21-03.48.45:400][  0]LogMemory: Virtual Memory: 440.34 MB used,  436.21 MB free, 4095.88 MB total
[2018.11.21-03.48.45:400][  0]LogMemory: 
[2018.11.21-03.48.45:400][  0]Allocator Stats for binned2: (not implemented)
[2018.11.21-03.48.45:484][  0]LogAIModule: Creating AISystem for world Map
[2018.11.21-03.48.45:488][  0]LogLoad: Game class is 'NewBlueprint_C'
[2018.11.21-03.48.45:501][  0]LogWorld: Bringing World /Game/Map.Map up for play (max tick rate 0) at 2018.11.21-07.48.45
[2018.11.21-03.48.45:659][  0]LogWorld: Bringing up level for play took: 0.169004
[2018.11.21-03.48.45:666][  0]LogLoad: Took 0.289131 seconds to LoadMap(/Game/Map)
[2018.11.21-03.48.45:667][  0]LogSlate: Took 0.000516 seconds to synchronously load lazily loaded font '../../../Engine/Content/EngineFonts/Faces/RobotoBold.ufont' (160K)
[2018.11.21-03.48.45:672][  0]LogSlate: Took 0.000355 seconds to synchronously load lazily loaded font '../../../Engine/Content/EngineFonts/Faces/RobotoItalic.ufont' (157K)
[2018.11.21-03.48.45:706][  0]LogSlate: Took 0.000524 seconds to synchronously load lazily loaded font '../../../Engine/Content/EngineFonts/Faces/RobotoRegular.ufont' (155K)
[2018.11.21-03.48.45:713][  0]LogLoad: (Engine Initialization) Total time: 39.60 seconds
[2018.11.21-03.48.45:713][  0]LogExternalProfiler: No external profilers were discovered.  External profiling features will not be available.
[2018.11.21-03.48.45:732][  0]LogOcInput: OculusInput pre-init called
[2018.11.21-03.48.45:815][  2]LogRenderer: Reallocating scene render targets to support 1068x856 NumSamples 1 (Frame:2).
[2018.11.21-03.49.15:758][  2]LogWindows: Windows GetLastError: Операция успешно завершена. (0)
[2018.11.21-03.49.39:780][  2]LogWindows:Error: === Critical error: ===
[2018.11.21-03.49.39:780][  2]LogWindows:Error: 
[2018.11.21-03.49.39:780][  2]LogWindows:Error: Fatal error: [File:D:\Build\++UE4+Release-4.15+Compile\Sync\Engine\Source\Runtime\RenderCore\Private\RenderingThread.cpp] [Line: 932] 
[2018.11.21-03.49.39:780][  2]LogWindows:Error: GameThread timed out waiting for RenderThread after 30.00 secs
[2018.11.21-03.49.39:780][  2]LogWindows:Error: 
[2018.11.21-03.49.39:780][  2]LogWindows:Error: 
[2018.11.21-03.49.39:780][  2]LogWindows:Error: KERNELBASE.dll!0x000000007716B9BC
[2018.11.21-03.49.39:780][  2]LogWindows:Error: UE4Game.exe!0x000000000130A2BC
[2018.11.21-03.49.39:780][  2]LogWindows:Error: UE4Game.exe!0x000000000131010C
[2018.11.21-03.49.39:780][  2]LogWindows:Error: 
[2018.11.21-03.49.39:901][  2]LogExit: Executing StaticShutdownAfterError
[2018.11.21-03.49.39:905][  2]LogWindows: FPlatformMisc::RequestExit(1)
[2018.11.21-03.49.40:152][  2]Log file closed, 11/21/18 07:49:40
